Arguments: 
  C:\Program Files\nodejs\node.exe C:\Users\vassi\AppData\Roaming\npm\node_modules\yarn\bin\yarn.js add ethers

PATH: 
  C:\Python310\Scripts\;C:\Python310\;C:\WINDOWS\system32;C:\WINDOWS;C:\WINDOWS\System32\Wbem;C:\WINDOWS\System32\WindowsPowerShell\v1.0\;C:\WINDOWS\System32\OpenSSH\;C:\Program Files\nodejs\;C:\ProgramData\chocolatey\bin;C:\Program Files\Geth;C:\Program Files\dotnet\;C:\Users\vassi\apache-maven-3.8.4\bin;%JAVA_HOME%\bin;C:\Program Files (x86)\Vim\vim82;C:\Program Files\Git\cmd;C:\Users\vassi\Oracle\include;C:\Users\vassi\Oracle\lib;C:\Users\vassi\AppData\Local\Microsoft\WindowsApps;C:\Users\vassi\AppData\Local\GitHubDesktop\bin;C:\Users\vassi\AppData\Local\Programs\Microsoft VS Code\bin;C:\Users\vassi\.dotnet\tools;C:\Users\vassi\JAVA\Java\openjdk-11.0.2_windows-x64_bin\jdk-11.0.2\bin;C:\Users\vassi\AppData\Roaming\npm;C:\Users\vassi\AppData\Local\JetBrains\Toolbox\scripts

Yarn version: 
  1.22.19

Node version: 
  16.15.0

Platform: 
  win32 x64

Trace: 
  Error: EPERM: operation not permitted, unlink 'C:\Users\vassi\Desktop\internship tasks\node_modules\bufferutil\prebuilds\win32-x64\node.napi.node'

npm manifest: 
  {
    "name": "hardhat-project",
    "devDependencies": {
      "@nomicfoundation/hardhat-toolbox": "^1.0.2",
      "chai": "^4.3.6",
      "ethers": "^5.6.9",
      "hardhat": "^2.10.1",
      "mocha": "^10.0.0",
      "waffle": "^0.0.4"
    },
    "dependencies": {
      "@chainlink/contracts": "^0.4.1",
      "@nomicfoundation/hardhat-network-helpers": "^1.0.2",
      "@nomiclabs/hardhat-waffle": "^2.0.3",
      "@openzeppelin/contracts": "^4.7.0"
    }
  }

yarn manifest: 
  No manifest

Lockfile: 
  No lockfile
